============================= test session starts =============================
platform win32 -- Python 3.14.4, pytest-9.0.3, pluggy-1.6.0 -- C:\Users\linha\AppData\Local\Python\pythoncore-3.14-64\python.exe
cachedir: .pytest_cache
rootdir: C:\Users\linha\OneDrive\Documents\Codepath AI110\ai110-module1show-gameglitchinvestigator-starter-main
plugins: anyio-4.13.0
collecting ... collected 36 items

tests/test_game_logic.py::test_check_guess_correct PASSED                [  2%]
tests/test_game_logic.py::test_check_guess_too_high_returns_go_lower PASSED [  5%]
tests/test_game_logic.py::test_check_guess_too_low_returns_go_higher PASSED [  8%]
tests/test_game_logic.py::test_parse_guess_valid_int PASSED              [ 11%]
tests/test_game_logic.py::test_parse_guess_float_rounds_correctly PASSED [ 13%]
tests/test_game_logic.py::test_parse_guess_float_rounds_down PASSED      [ 16%]
tests/test_game_logic.py::test_parse_guess_empty_string PASSED           [ 19%]
tests/test_game_logic.py::test_parse_guess_none PASSED                   [ 22%]
tests/test_game_logic.py::test_parse_guess_non_numeric PASSED            [ 25%]
tests/test_game_logic.py::test_easy_range PASSED                         [ 27%]
tests/test_game_logic.py::test_normal_range PASSED                       [ 30%]
tests/test_game_logic.py::test_hard_range PASSED                         [ 33%]
tests/test_game_logic.py::test_unknown_difficulty_defaults_to_normal PASSED [ 36%]
tests/test_game_logic.py::test_update_score_first_attempt_win_max_points PASSED [ 38%]
tests/test_game_logic.py::test_update_score_second_attempt_win PASSED    [ 41%]
tests/test_game_logic.py::test_update_score_tenth_attempt_win_minimum PASSED [ 44%]
tests/test_game_logic.py::test_update_score_too_high_even_attempt PASSED [ 47%]
tests/test_game_logic.py::test_update_score_too_high_odd_attempt PASSED  [ 50%]
tests/test_game_logic.py::test_update_score_too_low PASSED               [ 52%]
tests/test_game_logic.py::test_parse_guess_leading_trailing_whitespace PASSED [ 55%]
tests/test_game_logic.py::test_parse_guess_negative_number PASSED        [ 58%]
tests/test_game_logic.py::test_parse_guess_very_large_number PASSED      [ 61%]
tests/test_game_logic.py::test_parse_guess_scientific_notation PASSED    [ 63%]
tests/test_game_logic.py::test_parse_guess_multiple_decimals PASSED      [ 66%]
tests/test_game_logic.py::test_parse_guess_zero PASSED                   [ 69%]
tests/test_game_logic.py::test_update_score_multiple_wrong_guesses PASSED [ 72%]
tests/test_game_logic.py::test_full_game_flow_multiple_guesses_then_win PASSED [ 75%]
tests/test_game_logic.py::test_full_game_flow_first_attempt_win PASSED   [ 77%]
tests/test_game_logic.py::test_score_resets_to_zero_on_new_game PASSED   [ 80%]
tests/test_game_logic.py::test_total_score_accumulates_across_wins PASSED [ 83%]
tests/test_game_logic.py::test_total_score_includes_losses PASSED        [ 86%]
tests/test_game_logic.py::test_games_played_increments_on_win PASSED     [ 88%]
tests/test_game_logic.py::test_games_played_increments_on_loss PASSED    [ 91%]
tests/test_game_logic.py::test_games_won_only_increments_on_win PASSED   [ 94%]
tests/test_game_logic.py::test_player_name_strip_removes_whitespace PASSED [ 97%]
tests/test_game_logic.py::test_player_name_spaces_only_saves_empty PASSED [100%]

============================= 36 passed in 0.09s ==============================
